<?xml version="1.0" encoding="UTF-8"?>
<coverage generated="1567067877909" clover="3.2.0">
  <project timestamp="1567067877909" name="All files">
    <metrics statements="109" coveredstatements="108" conditionals="85" coveredconditionals="78" methods="19" coveredmethods="18" elements="213" coveredelements="204" complexity="0" loc="109" ncloc="109" packages="4" files="9" classes="9"/>
    <package name="entry">
      <metrics statements="0" coveredstatements="0" conditionals="0" coveredconditionals="0" methods="0" coveredmethods="0"/>
      <file name="index.js" path="F:\front\data-model-service\src\entry\index.js">
        <metrics statements="0" coveredstatements="0" conditionals="0" coveredconditionals="0" methods="0" coveredmethods="0"/>
      </file>
    </package>
    <package name="lib">
      <metrics statements="55" coveredstatements="54" conditionals="38" coveredconditionals="34" methods="10" coveredmethods="10"/>
      <file name="index.js" path="F:\front\data-model-service\src\lib\index.js">
        <metrics statements="51" coveredstatements="50" conditionals="36" coveredconditionals="32" methods="7" coveredmethods="7"/>
        <line num="15" count="17" type="stmt"/>
        <line num="18" count="17" type="stmt"/>
        <line num="19" count="17" type="stmt"/>
        <line num="23" count="17" type="stmt"/>
        <line num="24" count="17" type="cond" truecount="2" falsecount="0"/>
        <line num="25" count="1" type="stmt"/>
        <line num="27" count="16" type="stmt"/>
        <line num="31" count="16" type="stmt"/>
        <line num="35" count="1" type="stmt"/>
        <line num="39" count="19" type="cond" truecount="2" falsecount="0"/>
        <line num="40" count="1" type="stmt"/>
        <line num="41" count="1" type="stmt"/>
        <line num="43" count="18" type="cond" truecount="4" falsecount="0"/>
        <line num="44" count="1" type="stmt"/>
        <line num="46" count="17" type="cond" truecount="2" falsecount="0"/>
        <line num="47" count="3" type="stmt"/>
        <line num="50" count="14" type="stmt"/>
        <line num="54" count="15" type="stmt"/>
        <line num="55" count="28" type="stmt"/>
        <line num="56" count="28" type="stmt"/>
        <line num="61" count="28" type="cond" truecount="4" falsecount="0"/>
        <line num="62" count="2" type="cond" truecount="1" falsecount="1"/>
        <line num="63" count="2" type="stmt"/>
        <line num="64" count="2" type="stmt"/>
        <line num="67" count="26" type="stmt"/>
        <line num="71" count="3" type="cond" truecount="2" falsecount="0"/>
        <line num="72" count="1" type="stmt"/>
        <line num="74" count="2" type="cond" truecount="2" falsecount="0"/>
        <line num="75" count="1" type="stmt"/>
        <line num="77" count="1" type="stmt"/>
        <line num="78" count="1" type="stmt"/>
        <line num="88" count="32" type="cond" truecount="2" falsecount="0"/>
        <line num="89" count="2" type="stmt"/>
        <line num="92" count="30" type="cond" truecount="4" falsecount="0"/>
        <line num="93" count="29" type="stmt"/>
        <line num="96" count="1" type="stmt"/>
        <line num="100" count="28" type="stmt"/>
        <line num="101" count="28" type="cond" truecount="2" falsecount="0"/>
        <line num="102" count="19" type="stmt"/>
        <line num="105" count="9" type="cond" truecount="2" falsecount="0"/>
        <line num="106" count="1" type="stmt"/>
        <line num="109" count="8" type="cond" truecount="2" falsecount="0"/>
        <line num="110" count="7" type="stmt"/>
        <line num="113" count="1" type="cond" truecount="1" falsecount="1"/>
        <line num="114" count="1" type="stmt"/>
        <line num="116" count="0" type="stmt"/>
        <line num="120" count="2" type="stmt"/>
        <line num="121" count="4" type="stmt"/>
        <line num="122" count="4" type="stmt"/>
        <line num="127" count="1" type="stmt"/>
        <line num="130" count="3" type="stmt"/>
      </file>
      <file name="interface.js" path="F:\front\data-model-service\src\lib\interface.js">
        <metrics statements="4" coveredstatements="4" conditionals="2" coveredconditionals="2" methods="3" coveredmethods="3"/>
        <line num="11" count="1" type="stmt"/>
        <line num="18" count="18" type="stmt"/>
        <line num="27" count="1" type="stmt"/>
        <line num="35" count="1" type="stmt"/>
      </file>
    </package>
    <package name="lib.types">
      <metrics statements="1" coveredstatements="1" conditionals="0" coveredconditionals="0" methods="1" coveredmethods="0"/>
      <file name="modelConf.js" path="F:\front\data-model-service\src\lib\types\modelConf.js">
        <metrics statements="1" coveredstatements="1" conditionals="0" coveredconditionals="0" methods="0" coveredmethods="0"/>
        <line num="49" count="5" type="stmt"/>
      </file>
      <file name="modelSchema.js" path="F:\front\data-model-service\src\lib\types\modelSchema.js">
        <metrics statements="0" coveredstatements="0" conditionals="0" coveredconditionals="0" methods="0" coveredmethods="0"/>
      </file>
      <file name="options.js" path="F:\front\data-model-service\src\lib\types\options.js">
        <metrics statements="0" coveredstatements="0" conditionals="0" coveredconditionals="0" methods="1" coveredmethods="0"/>
      </file>
    </package>
    <package name="lib.utils">
      <metrics statements="53" coveredstatements="53" conditionals="47" coveredconditionals="44" methods="8" coveredmethods="8"/>
      <file name="checkModel.js" path="F:\front\data-model-service\src\lib\utils\checkModel.js">
        <metrics statements="12" coveredstatements="12" conditionals="6" coveredconditionals="6" methods="2" coveredmethods="2"/>
        <line num="5" count="20" type="cond" truecount="2" falsecount="0"/>
        <line num="6" count="2" type="stmt"/>
        <line num="21" count="18" type="stmt"/>
        <line num="23" count="18" type="stmt"/>
        <line num="24" count="33" type="stmt"/>
        <line num="25" count="33" type="cond" truecount="2" falsecount="0"/>
        <line num="26" count="1" type="stmt"/>
        <line num="27" count="1" type="stmt"/>
        <line num="29" count="32" type="stmt"/>
        <line num="32" count="18" type="cond" truecount="2" falsecount="0"/>
        <line num="33" count="1" type="stmt"/>
        <line num="35" count="17" type="stmt"/>
      </file>
      <file name="from-entries.js" path="F:\front\data-model-service\src\lib\utils\from-entries.js">
        <metrics statements="3" coveredstatements="3" conditionals="2" coveredconditionals="2" methods="2" coveredmethods="2"/>
        <line num="4" count="4" type="cond" truecount="2" falsecount="0"/>
        <line num="5" count="1" type="stmt"/>
        <line num="7" count="3" type="stmt"/>
      </file>
      <file name="vaild-data.js" path="F:\front\data-model-service\src\lib\utils\vaild-data.js">
        <metrics statements="38" coveredstatements="38" conditionals="39" coveredconditionals="36" methods="4" coveredmethods="4"/>
        <line num="10" count="206" type="stmt"/>
        <line num="26" count="37" type="stmt"/>
        <line num="27" count="37" type="stmt"/>
        <line num="28" count="37" type="stmt"/>
        <line num="29" count="199" type="stmt"/>
        <line num="30" count="199" type="cond" truecount="4" falsecount="0"/>
        <line num="31" count="129" type="stmt"/>
        <line num="38" count="129" type="stmt"/>
        <line num="40" count="70" type="cond" truecount="2" falsecount="0"/>
        <line num="41" count="2" type="stmt"/>
        <line num="48" count="2" type="stmt"/>
        <line num="50" count="68" type="cond" truecount="2" falsecount="0"/>
        <line num="51" count="1" type="stmt"/>
        <line num="58" count="1" type="stmt"/>
        <line num="61" count="67" type="stmt"/>
        <line num="62" count="67" type="cond" truecount="4" falsecount="0"/>
        <line num="63" count="35" type="cond" truecount="2" falsecount="0"/>
        <line num="64" count="34" type="stmt"/>
        <line num="71" count="34" type="stmt"/>
        <line num="73" count="1" type="stmt"/>
        <line num="81" count="1" type="stmt"/>
        <line num="84" count="32" type="stmt"/>
        <line num="91" count="32" type="stmt"/>
        <line num="94" count="37" type="stmt"/>
        <line num="99" count="44" type="cond" truecount="4" falsecount="0"/>
        <line num="100" count="2" type="stmt"/>
        <line num="106" count="42" type="cond" truecount="2" falsecount="0"/>
        <line num="107" count="1" type="stmt"/>
        <line num="113" count="41" type="cond" truecount="4" falsecount="0"/>
        <line num="114" count="2" type="stmt"/>
        <line num="120" count="39" type="cond" truecount="2" falsecount="0"/>
        <line num="121" count="1" type="stmt"/>
        <line num="127" count="38" type="cond" truecount="2" falsecount="0"/>
        <line num="128" count="1" type="stmt"/>
        <line num="134" count="37" type="stmt"/>
        <line num="136" count="37" type="cond" truecount="2" falsecount="0"/>
        <line num="137" count="4" type="stmt"/>
        <line num="139" count="33" type="stmt"/>
      </file>
    </package>
  </project>
</coverage>
