{"F:\\front\\data-model-service\\src\\entry\\index.js": {"path":"F:\\front\\data-model-service\\src\\entry\\index.js","statementMap":{},"fnMap":{},"branchMap":{},"s":{},"f":{},"b":{},"_coverageSchema":"43e27e138ebf9cfc5966b082cf9a028302ed4184","hash":"b96f2f7bc40a9143e3d7ef479a5b8070df7ae9c7"}
,"F:\\front\\data-model-service\\src\\lib\\index.js": {"path":"F:\\front\\data-model-service\\src\\lib\\index.js","statementMap":{"0":{"start":{"line":15,"column":11},"end":{"line":15,"column":13}},"1":{"start":{"line":18,"column":4},"end":{"line":18,"column":12}},"2":{"start":{"line":19,"column":4},"end":{"line":19,"column":22}},"3":{"start":{"line":23,"column":19},"end":{"line":23,"column":49}},"4":{"start":{"line":24,"column":4},"end":{"line":26,"column":5}},"5":{"start":{"line":25,"column":6},"end":{"line":25,"column":30}},"6":{"start":{"line":27,"column":4},"end":{"line":27,"column":26}},"7":{"start":{"line":31,"column":4},"end":{"line":31,"column":24}},"8":{"start":{"line":35,"column":4},"end":{"line":35,"column":23}},"9":{"start":{"line":39,"column":4},"end":{"line":42,"column":5}},"10":{"start":{"line":40,"column":6},"end":{"line":40,"column":43}},"11":{"start":{"line":41,"column":6},"end":{"line":41,"column":36}},"12":{"start":{"line":43,"column":4},"end":{"line":45,"column":5}},"13":{"start":{"line":44,"column":6},"end":{"line":44,"column":36}},"14":{"start":{"line":46,"column":4},"end":{"line":48,"column":5}},"15":{"start":{"line":47,"column":6},"end":{"line":47,"column":36}},"16":{"start":{"line":50,"column":4},"end":{"line":50,"column":35}},"17":{"start":{"line":54,"column":4},"end":{"line":57,"column":7}},"18":{"start":{"line":55,"column":16},"end":{"line":55,"column":74}},"19":{"start":{"line":56,"column":6},"end":{"line":56,"column":47}},"20":{"start":{"line":61,"column":4},"end":{"line":63,"column":5}},"21":{"start":{"line":62,"column":6},"end":{"line":62,"column":18}},"22":{"start":{"line":64,"column":4},"end":{"line":66,"column":5}},"23":{"start":{"line":65,"column":6},"end":{"line":65,"column":18}},"24":{"start":{"line":67,"column":4},"end":{"line":69,"column":7}},"25":{"start":{"line":68,"column":6},"end":{"line":68,"column":37}},"26":{"start":{"line":78,"column":4},"end":{"line":80,"column":5}},"27":{"start":{"line":79,"column":6},"end":{"line":79,"column":26}},"28":{"start":{"line":82,"column":4},"end":{"line":84,"column":5}},"29":{"start":{"line":83,"column":6},"end":{"line":83,"column":16}},"30":{"start":{"line":86,"column":4},"end":{"line":86,"column":22}},"31":{"start":{"line":90,"column":20},"end":{"line":90,"column":30}},"32":{"start":{"line":91,"column":4},"end":{"line":93,"column":5}},"33":{"start":{"line":92,"column":6},"end":{"line":92,"column":17}},"34":{"start":{"line":95,"column":4},"end":{"line":97,"column":5}},"35":{"start":{"line":96,"column":6},"end":{"line":96,"column":25}},"36":{"start":{"line":99,"column":4},"end":{"line":101,"column":5}},"37":{"start":{"line":100,"column":6},"end":{"line":100,"column":22}},"38":{"start":{"line":103,"column":4},"end":{"line":105,"column":5}},"39":{"start":{"line":104,"column":6},"end":{"line":104,"column":19}},"40":{"start":{"line":106,"column":4},"end":{"line":106,"column":15}},"41":{"start":{"line":110,"column":4},"end":{"line":113,"column":7}},"42":{"start":{"line":111,"column":16},"end":{"line":111,"column":45}},"43":{"start":{"line":112,"column":6},"end":{"line":112,"column":17}},"44":{"start":{"line":117,"column":27},"end":{"line":117,"column":47}},"45":{"start":{"line":120,"column":2},"end":{"line":120,"column":30}}},"fnMap":{"0":{"name":"(anonymous_0)","decl":{"start":{"line":17,"column":2},"end":{"line":17,"column":3}},"loc":{"start":{"line":17,"column":21},"end":{"line":20,"column":3}},"line":17},"1":{"name":"(anonymous_1)","decl":{"start":{"line":34,"column":2},"end":{"line":34,"column":3}},"loc":{"start":{"line":34,"column":13},"end":{"line":36,"column":3}},"line":34},"2":{"name":"(anonymous_2)","decl":{"start":{"line":38,"column":2},"end":{"line":38,"column":3}},"loc":{"start":{"line":38,"column":19},"end":{"line":51,"column":3}},"line":38},"3":{"name":"(anonymous_3)","decl":{"start":{"line":54,"column":34},"end":{"line":54,"column":35}},"loc":{"start":{"line":54,"column":46},"end":{"line":57,"column":5}},"line":54},"4":{"name":"(anonymous_4)","decl":{"start":{"line":67,"column":20},"end":{"line":67,"column":21}},"loc":{"start":{"line":67,"column":30},"end":{"line":69,"column":5}},"line":67},"5":{"name":"(anonymous_5)","decl":{"start":{"line":110,"column":34},"end":{"line":110,"column":35}},"loc":{"start":{"line":110,"column":44},"end":{"line":113,"column":5}},"line":110},"6":{"name":"createDataModel","decl":{"start":{"line":119,"column":16},"end":{"line":119,"column":31}},"loc":{"start":{"line":119,"column":44},"end":{"line":121,"column":1}},"line":119}},"branchMap":{"0":{"loc":{"start":{"line":24,"column":4},"end":{"line":26,"column":5}},"type":"if","locations":[{"start":{"line":24,"column":4},"end":{"line":26,"column":5}},{"start":{"line":24,"column":4},"end":{"line":26,"column":5}}],"line":24},"1":{"loc":{"start":{"line":38,"column":8},"end":{"line":38,"column":17}},"type":"default-arg","locations":[{"start":{"line":38,"column":15},"end":{"line":38,"column":17}}],"line":38},"2":{"loc":{"start":{"line":39,"column":4},"end":{"line":42,"column":5}},"type":"if","locations":[{"start":{"line":39,"column":4},"end":{"line":42,"column":5}},{"start":{"line":39,"column":4},"end":{"line":42,"column":5}}],"line":39},"3":{"loc":{"start":{"line":43,"column":4},"end":{"line":45,"column":5}},"type":"if","locations":[{"start":{"line":43,"column":4},"end":{"line":45,"column":5}},{"start":{"line":43,"column":4},"end":{"line":45,"column":5}}],"line":43},"4":{"loc":{"start":{"line":43,"column":8},"end":{"line":43,"column":39}},"type":"binary-expr","locations":[{"start":{"line":43,"column":8},"end":{"line":43,"column":21}},{"start":{"line":43,"column":25},"end":{"line":43,"column":39}}],"line":43},"5":{"loc":{"start":{"line":46,"column":4},"end":{"line":48,"column":5}},"type":"if","locations":[{"start":{"line":46,"column":4},"end":{"line":48,"column":5}},{"start":{"line":46,"column":4},"end":{"line":48,"column":5}}],"line":46},"6":{"loc":{"start":{"line":61,"column":4},"end":{"line":63,"column":5}},"type":"if","locations":[{"start":{"line":61,"column":4},"end":{"line":63,"column":5}},{"start":{"line":61,"column":4},"end":{"line":63,"column":5}}],"line":61},"7":{"loc":{"start":{"line":64,"column":4},"end":{"line":66,"column":5}},"type":"if","locations":[{"start":{"line":64,"column":4},"end":{"line":66,"column":5}},{"start":{"line":64,"column":4},"end":{"line":66,"column":5}}],"line":64},"8":{"loc":{"start":{"line":78,"column":4},"end":{"line":80,"column":5}},"type":"if","locations":[{"start":{"line":78,"column":4},"end":{"line":80,"column":5}},{"start":{"line":78,"column":4},"end":{"line":80,"column":5}}],"line":78},"9":{"loc":{"start":{"line":82,"column":4},"end":{"line":84,"column":5}},"type":"if","locations":[{"start":{"line":82,"column":4},"end":{"line":84,"column":5}},{"start":{"line":82,"column":4},"end":{"line":84,"column":5}}],"line":82},"10":{"loc":{"start":{"line":82,"column":8},"end":{"line":82,"column":64}},"type":"binary-expr","locations":[{"start":{"line":82,"column":8},"end":{"line":82,"column":41}},{"start":{"line":82,"column":45},"end":{"line":82,"column":64}}],"line":82},"11":{"loc":{"start":{"line":91,"column":4},"end":{"line":93,"column":5}},"type":"if","locations":[{"start":{"line":91,"column":4},"end":{"line":93,"column":5}},{"start":{"line":91,"column":4},"end":{"line":93,"column":5}}],"line":91},"12":{"loc":{"start":{"line":95,"column":4},"end":{"line":97,"column":5}},"type":"if","locations":[{"start":{"line":95,"column":4},"end":{"line":97,"column":5}},{"start":{"line":95,"column":4},"end":{"line":97,"column":5}}],"line":95},"13":{"loc":{"start":{"line":99,"column":4},"end":{"line":101,"column":5}},"type":"if","locations":[{"start":{"line":99,"column":4},"end":{"line":101,"column":5}},{"start":{"line":99,"column":4},"end":{"line":101,"column":5}}],"line":99},"14":{"loc":{"start":{"line":103,"column":4},"end":{"line":105,"column":5}},"type":"if","locations":[{"start":{"line":103,"column":4},"end":{"line":105,"column":5}},{"start":{"line":103,"column":4},"end":{"line":105,"column":5}}],"line":103},"15":{"loc":{"start":{"line":119,"column":32},"end":{"line":119,"column":42}},"type":"default-arg","locations":[{"start":{"line":119,"column":40},"end":{"line":119,"column":42}}],"line":119}},"s":{"0":12,"1":12,"2":12,"3":12,"4":12,"5":1,"6":11,"7":11,"8":1,"9":14,"10":1,"11":1,"12":13,"13":1,"14":12,"15":3,"16":9,"17":10,"18":20,"19":20,"20":3,"21":1,"22":2,"23":1,"24":1,"25":1,"26":24,"27":1,"28":23,"29":22,"30":1,"31":20,"32":20,"33":13,"34":7,"35":1,"36":6,"37":5,"38":1,"39":1,"40":0,"41":2,"42":4,"43":4,"44":1,"45":1},"f":{"0":12,"1":1,"2":14,"3":20,"4":1,"5":4,"6":1},"b":{"0":[1,11],"1":[0],"2":[1,13],"3":[1,12],"4":[13,2],"5":[3,9],"6":[1,2],"7":[1,1],"8":[1,23],"9":[22,1],"10":[23,2],"11":[13,7],"12":[1,6],"13":[5,1],"14":[1,0],"15":[0]},"_coverageSchema":"43e27e138ebf9cfc5966b082cf9a028302ed4184","hash":"be65e36e3d3ffd9ba8b2a5b8989bb05d7f5bcccf"}
,"F:\\front\\data-model-service\\src\\lib\\interface.js": {"path":"F:\\front\\data-model-service\\src\\lib\\interface.js","statementMap":{"0":{"start":{"line":11,"column":6},"end":{"line":11,"column":16}},"1":{"start":{"line":18,"column":15},"end":{"line":18,"column":17}},"2":{"start":{"line":27,"column":4},"end":{"line":27,"column":14}},"3":{"start":{"line":35,"column":4},"end":{"line":35,"column":14}}},"fnMap":{"0":{"name":"(anonymous_0)","decl":{"start":{"line":10,"column":2},"end":{"line":10,"column":3}},"loc":{"start":{"line":10,"column":13},"end":{"line":12,"column":3}},"line":10},"1":{"name":"(anonymous_1)","decl":{"start":{"line":26,"column":2},"end":{"line":26,"column":3}},"loc":{"start":{"line":26,"column":30},"end":{"line":28,"column":3}},"line":26},"2":{"name":"(anonymous_2)","decl":{"start":{"line":34,"column":2},"end":{"line":34,"column":3}},"loc":{"start":{"line":34,"column":13},"end":{"line":36,"column":3}},"line":34}},"branchMap":{"0":{"loc":{"start":{"line":26,"column":8},"end":{"line":26,"column":17}},"type":"default-arg","locations":[{"start":{"line":26,"column":15},"end":{"line":26,"column":17}}],"line":26},"1":{"loc":{"start":{"line":26,"column":19},"end":{"line":26,"column":28}},"type":"default-arg","locations":[{"start":{"line":26,"column":26},"end":{"line":26,"column":28}}],"line":26}},"s":{"0":1,"1":13,"2":1,"3":1},"f":{"0":1,"1":1,"2":1},"b":{"0":[1],"1":[1]},"_coverageSchema":"43e27e138ebf9cfc5966b082cf9a028302ed4184","hash":"6cdcbffbd9f5fb5f040d4d1c339e77d3ce4d2c2f"}
,"F:\\front\\data-model-service\\src\\lib\\types\\modelConf.js": {"path":"F:\\front\\data-model-service\\src\\lib\\types\\modelConf.js","statementMap":{"0":{"start":{"line":49,"column":24},"end":{"line":49,"column":93}}},"fnMap":{},"branchMap":{},"s":{"0":5},"f":{},"b":{},"_coverageSchema":"43e27e138ebf9cfc5966b082cf9a028302ed4184","hash":"503026b619b0fff2dab716617d57d2de1c8230e4"}
,"F:\\front\\data-model-service\\src\\lib\\types\\modelSchema.js": {"path":"F:\\front\\data-model-service\\src\\lib\\types\\modelSchema.js","statementMap":{},"fnMap":{},"branchMap":{},"s":{},"f":{},"b":{},"_coverageSchema":"43e27e138ebf9cfc5966b082cf9a028302ed4184","hash":"2d9dfcd78c45b0f7e054f08ff6781324a9e7f862"}
,"F:\\front\\data-model-service\\src\\lib\\types\\options.js": {"path":"F:\\front\\data-model-service\\src\\lib\\types\\options.js","statementMap":{},"fnMap":{"0":{"name":"(anonymous_0)","decl":{"start":{"line":6,"column":9},"end":{"line":6,"column":10}},"loc":{"start":{"line":6,"column":25},"end":{"line":6,"column":27}},"line":6}},"branchMap":{},"s":{},"f":{"0":0},"b":{},"_coverageSchema":"43e27e138ebf9cfc5966b082cf9a028302ed4184","hash":"5088a724a720b2e609c3ce11f8cf58af9d772b26"}
,"F:\\front\\data-model-service\\src\\lib\\utils\\checkModel.js": {"path":"F:\\front\\data-model-service\\src\\lib\\utils\\checkModel.js","statementMap":{"0":{"start":{"line":5,"column":2},"end":{"line":19,"column":3}},"1":{"start":{"line":6,"column":4},"end":{"line":18,"column":6}},"2":{"start":{"line":21,"column":14},"end":{"line":21,"column":18}},"3":{"start":{"line":23,"column":2},"end":{"line":30,"column":5}},"4":{"start":{"line":24,"column":17},"end":{"line":24,"column":45}},"5":{"start":{"line":25,"column":4},"end":{"line":28,"column":5}},"6":{"start":{"line":26,"column":6},"end":{"line":26,"column":21}},"7":{"start":{"line":27,"column":6},"end":{"line":27,"column":18}},"8":{"start":{"line":29,"column":4},"end":{"line":29,"column":17}},"9":{"start":{"line":32,"column":2},"end":{"line":34,"column":3}},"10":{"start":{"line":33,"column":4},"end":{"line":33,"column":17}},"11":{"start":{"line":35,"column":2},"end":{"line":47,"column":4}}},"fnMap":{"0":{"name":"(anonymous_0)","decl":{"start":{"line":4,"column":15},"end":{"line":4,"column":16}},"loc":{"start":{"line":4,"column":38},"end":{"line":48,"column":1}},"line":4},"1":{"name":"(anonymous_1)","decl":{"start":{"line":23,"column":25},"end":{"line":23,"column":26}},"loc":{"start":{"line":23,"column":34},"end":{"line":30,"column":3}},"line":23}},"branchMap":{"0":{"loc":{"start":{"line":5,"column":2},"end":{"line":19,"column":3}},"type":"if","locations":[{"start":{"line":5,"column":2},"end":{"line":19,"column":3}},{"start":{"line":5,"column":2},"end":{"line":19,"column":3}}],"line":5},"1":{"loc":{"start":{"line":25,"column":4},"end":{"line":28,"column":5}},"type":"if","locations":[{"start":{"line":25,"column":4},"end":{"line":28,"column":5}},{"start":{"line":25,"column":4},"end":{"line":28,"column":5}}],"line":25},"2":{"loc":{"start":{"line":32,"column":2},"end":{"line":34,"column":3}},"type":"if","locations":[{"start":{"line":32,"column":2},"end":{"line":34,"column":3}},{"start":{"line":32,"column":2},"end":{"line":34,"column":3}}],"line":32}},"s":{"0":15,"1":2,"2":13,"3":13,"4":25,"5":25,"6":1,"7":1,"8":24,"9":13,"10":1,"11":12},"f":{"0":15,"1":25},"b":{"0":[2,13],"1":[1,24],"2":[1,12]},"_coverageSchema":"43e27e138ebf9cfc5966b082cf9a028302ed4184","hash":"0eaa5f405fa398fee3e2864feff4d0451b595da6"}
,"F:\\front\\data-model-service\\src\\lib\\utils\\from-entries.js": {"path":"F:\\front\\data-model-service\\src\\lib\\utils\\from-entries.js","statementMap":{"0":{"start":{"line":4,"column":2},"end":{"line":6,"column":3}},"1":{"start":{"line":5,"column":4},"end":{"line":5,"column":42}},"2":{"start":{"line":7,"column":2},"end":{"line":7,"column":99}},"3":{"start":{"line":7,"column":59},"end":{"line":7,"column":93}}},"fnMap":{"0":{"name":"fromEntries","decl":{"start":{"line":3,"column":24},"end":{"line":3,"column":35}},"loc":{"start":{"line":3,"column":46},"end":{"line":8,"column":1}},"line":3},"1":{"name":"(anonymous_1)","decl":{"start":{"line":7,"column":30},"end":{"line":7,"column":31}},"loc":{"start":{"line":7,"column":59},"end":{"line":7,"column":93}},"line":7}},"branchMap":{"0":{"loc":{"start":{"line":4,"column":2},"end":{"line":6,"column":3}},"type":"if","locations":[{"start":{"line":4,"column":2},"end":{"line":6,"column":3}},{"start":{"line":4,"column":2},"end":{"line":6,"column":3}}],"line":4}},"s":{"0":4,"1":1,"2":3,"3":2},"f":{"0":4,"1":2},"b":{"0":[1,3]},"_coverageSchema":"43e27e138ebf9cfc5966b082cf9a028302ed4184","hash":"2639954d063cfec29715e1b045d7f3605fdcdccf"}
,"F:\\front\\data-model-service\\src\\lib\\utils\\vaild-data.js": {"path":"F:\\front\\data-model-service\\src\\lib\\utils\\vaild-data.js","statementMap":{"0":{"start":{"line":8,"column":2},"end":{"line":20,"column":4}},"1":{"start":{"line":24,"column":15},"end":{"line":24,"column":17}},"2":{"start":{"line":25,"column":15},"end":{"line":25,"column":17}},"3":{"start":{"line":26,"column":2},"end":{"line":90,"column":5}},"4":{"start":{"line":27,"column":20},"end":{"line":27,"column":33}},"5":{"start":{"line":28,"column":4},"end":{"line":37,"column":5}},"6":{"start":{"line":29,"column":6},"end":{"line":35,"column":10}},"7":{"start":{"line":36,"column":6},"end":{"line":36,"column":19}},"8":{"start":{"line":38,"column":4},"end":{"line":47,"column":5}},"9":{"start":{"line":39,"column":6},"end":{"line":45,"column":10}},"10":{"start":{"line":46,"column":6},"end":{"line":46,"column":18}},"11":{"start":{"line":48,"column":4},"end":{"line":57,"column":5}},"12":{"start":{"line":49,"column":6},"end":{"line":55,"column":10}},"13":{"start":{"line":56,"column":6},"end":{"line":56,"column":18}},"14":{"start":{"line":59,"column":16},"end":{"line":59,"column":32}},"15":{"start":{"line":60,"column":4},"end":{"line":81,"column":5}},"16":{"start":{"line":61,"column":6},"end":{"line":80,"column":7}},"17":{"start":{"line":62,"column":8},"end":{"line":68,"column":12}},"18":{"start":{"line":69,"column":8},"end":{"line":69,"column":21}},"19":{"start":{"line":71,"column":8},"end":{"line":78,"column":12}},"20":{"start":{"line":79,"column":8},"end":{"line":79,"column":20}},"21":{"start":{"line":83,"column":4},"end":{"line":89,"column":8}},"22":{"start":{"line":92,"column":2},"end":{"line":92,"column":30}},"23":{"start":{"line":97,"column":2},"end":{"line":102,"column":3}},"24":{"start":{"line":98,"column":4},"end":{"line":101,"column":7}},"25":{"start":{"line":104,"column":2},"end":{"line":109,"column":3}},"26":{"start":{"line":105,"column":4},"end":{"line":108,"column":7}},"27":{"start":{"line":111,"column":2},"end":{"line":116,"column":3}},"28":{"start":{"line":112,"column":4},"end":{"line":115,"column":7}},"29":{"start":{"line":118,"column":2},"end":{"line":123,"column":3}},"30":{"start":{"line":119,"column":4},"end":{"line":122,"column":7}},"31":{"start":{"line":125,"column":2},"end":{"line":130,"column":3}},"32":{"start":{"line":126,"column":4},"end":{"line":129,"column":7}},"33":{"start":{"line":132,"column":21},"end":{"line":132,"column":42}},"34":{"start":{"line":134,"column":2},"end":{"line":136,"column":3}},"35":{"start":{"line":135,"column":4},"end":{"line":135,"column":26}},"36":{"start":{"line":137,"column":2},"end":{"line":149,"column":4}}},"fnMap":{"0":{"name":"error","decl":{"start":{"line":7,"column":9},"end":{"line":7,"column":14}},"loc":{"start":{"line":7,"column":105},"end":{"line":21,"column":1}},"line":7},"1":{"name":"checkFn","decl":{"start":{"line":23,"column":9},"end":{"line":23,"column":16}},"loc":{"start":{"line":23,"column":31},"end":{"line":93,"column":1}},"line":23},"2":{"name":"(anonymous_2)","decl":{"start":{"line":26,"column":30},"end":{"line":26,"column":31}},"loc":{"start":{"line":26,"column":57},"end":{"line":90,"column":3}},"line":26},"3":{"name":"vaildData","decl":{"start":{"line":95,"column":9},"end":{"line":95,"column":18}},"loc":{"start":{"line":95,"column":33},"end":{"line":150,"column":1}},"line":95}},"branchMap":{"0":{"loc":{"start":{"line":7,"column":15},"end":{"line":7,"column":103}},"type":"default-arg","locations":[{"start":{"line":7,"column":101},"end":{"line":7,"column":103}}],"line":7},"1":{"loc":{"start":{"line":7,"column":17},"end":{"line":7,"column":31}},"type":"default-arg","locations":[{"start":{"line":7,"column":26},"end":{"line":7,"column":31}}],"line":7},"2":{"loc":{"start":{"line":7,"column":33},"end":{"line":7,"column":41}},"type":"default-arg","locations":[{"start":{"line":7,"column":39},"end":{"line":7,"column":41}}],"line":7},"3":{"loc":{"start":{"line":7,"column":43},"end":{"line":7,"column":51}},"type":"default-arg","locations":[{"start":{"line":7,"column":49},"end":{"line":7,"column":51}}],"line":7},"4":{"loc":{"start":{"line":7,"column":53},"end":{"line":7,"column":70}},"type":"default-arg","locations":[{"start":{"line":7,"column":68},"end":{"line":7,"column":70}}],"line":7},"5":{"loc":{"start":{"line":7,"column":72},"end":{"line":7,"column":84}},"type":"default-arg","locations":[{"start":{"line":7,"column":82},"end":{"line":7,"column":84}}],"line":7},"6":{"loc":{"start":{"line":7,"column":86},"end":{"line":7,"column":96}},"type":"default-arg","locations":[{"start":{"line":7,"column":94},"end":{"line":7,"column":96}}],"line":7},"7":{"loc":{"start":{"line":13,"column":13},"end":{"line":13,"column":22}},"type":"binary-expr","locations":[{"start":{"line":13,"column":13},"end":{"line":13,"column":16}},{"start":{"line":13,"column":20},"end":{"line":13,"column":22}}],"line":13},"8":{"loc":{"start":{"line":28,"column":4},"end":{"line":37,"column":5}},"type":"if","locations":[{"start":{"line":28,"column":4},"end":{"line":37,"column":5}},{"start":{"line":28,"column":4},"end":{"line":37,"column":5}}],"line":28},"9":{"loc":{"start":{"line":28,"column":8},"end":{"line":28,"column":73}},"type":"binary-expr","locations":[{"start":{"line":28,"column":8},"end":{"line":28,"column":49}},{"start":{"line":28,"column":53},"end":{"line":28,"column":73}}],"line":28},"10":{"loc":{"start":{"line":38,"column":4},"end":{"line":47,"column":5}},"type":"if","locations":[{"start":{"line":38,"column":4},"end":{"line":47,"column":5}},{"start":{"line":38,"column":4},"end":{"line":47,"column":5}}],"line":38},"11":{"loc":{"start":{"line":48,"column":4},"end":{"line":57,"column":5}},"type":"if","locations":[{"start":{"line":48,"column":4},"end":{"line":57,"column":5}},{"start":{"line":48,"column":4},"end":{"line":57,"column":5}}],"line":48},"12":{"loc":{"start":{"line":60,"column":4},"end":{"line":81,"column":5}},"type":"if","locations":[{"start":{"line":60,"column":4},"end":{"line":81,"column":5}},{"start":{"line":60,"column":4},"end":{"line":81,"column":5}}],"line":60},"13":{"loc":{"start":{"line":60,"column":8},"end":{"line":60,"column":42}},"type":"binary-expr","locations":[{"start":{"line":60,"column":8},"end":{"line":60,"column":22}},{"start":{"line":60,"column":26},"end":{"line":60,"column":42}}],"line":60},"14":{"loc":{"start":{"line":61,"column":6},"end":{"line":80,"column":7}},"type":"if","locations":[{"start":{"line":61,"column":6},"end":{"line":80,"column":7}},{"start":{"line":61,"column":6},"end":{"line":80,"column":7}}],"line":61},"15":{"loc":{"start":{"line":97,"column":2},"end":{"line":102,"column":3}},"type":"if","locations":[{"start":{"line":97,"column":2},"end":{"line":102,"column":3}},{"start":{"line":97,"column":2},"end":{"line":102,"column":3}}],"line":97},"16":{"loc":{"start":{"line":97,"column":6},"end":{"line":97,"column":22}},"type":"binary-expr","locations":[{"start":{"line":97,"column":6},"end":{"line":97,"column":11}},{"start":{"line":97,"column":15},"end":{"line":97,"column":22}}],"line":97},"17":{"loc":{"start":{"line":104,"column":2},"end":{"line":109,"column":3}},"type":"if","locations":[{"start":{"line":104,"column":2},"end":{"line":109,"column":3}},{"start":{"line":104,"column":2},"end":{"line":109,"column":3}}],"line":104},"18":{"loc":{"start":{"line":111,"column":2},"end":{"line":116,"column":3}},"type":"if","locations":[{"start":{"line":111,"column":2},"end":{"line":116,"column":3}},{"start":{"line":111,"column":2},"end":{"line":116,"column":3}}],"line":111},"19":{"loc":{"start":{"line":111,"column":6},"end":{"line":111,"column":42}},"type":"binary-expr","locations":[{"start":{"line":111,"column":6},"end":{"line":111,"column":23}},{"start":{"line":111,"column":27},"end":{"line":111,"column":42}}],"line":111},"20":{"loc":{"start":{"line":118,"column":2},"end":{"line":123,"column":3}},"type":"if","locations":[{"start":{"line":118,"column":2},"end":{"line":123,"column":3}},{"start":{"line":118,"column":2},"end":{"line":123,"column":3}}],"line":118},"21":{"loc":{"start":{"line":125,"column":2},"end":{"line":130,"column":3}},"type":"if","locations":[{"start":{"line":125,"column":2},"end":{"line":130,"column":3}},{"start":{"line":125,"column":2},"end":{"line":130,"column":3}}],"line":125},"22":{"loc":{"start":{"line":134,"column":2},"end":{"line":136,"column":3}},"type":"if","locations":[{"start":{"line":134,"column":2},"end":{"line":136,"column":3}},{"start":{"line":134,"column":2},"end":{"line":136,"column":3}}],"line":134}},"s":{"0":158,"1":29,"2":29,"3":29,"4":151,"5":151,"6":97,"7":97,"8":54,"9":2,"10":2,"11":52,"12":1,"13":1,"14":51,"15":51,"16":27,"17":26,"18":26,"19":1,"20":1,"21":24,"22":29,"23":36,"24":2,"25":34,"26":1,"27":33,"28":2,"29":31,"30":1,"31":30,"32":1,"33":29,"34":29,"35":4,"36":25},"f":{"0":158,"1":29,"2":151,"3":36},"b":{"0":[0],"1":[0],"2":[0],"3":[76],"4":[7],"5":[7],"6":[157],"7":[158,77],"8":[97,54],"9":[151,147],"10":[2,52],"11":[1,51],"12":[27,24],"13":[51,27],"14":[26,1],"15":[2,34],"16":[36,35],"17":[1,33],"18":[2,31],"19":[33,32],"20":[1,30],"21":[1,29],"22":[4,25]},"_coverageSchema":"43e27e138ebf9cfc5966b082cf9a028302ed4184","hash":"bfaa1780c61921a8b22322d0c5cab825dfe3e6f4"}
}
