{"F:\\front\\data-model-service\\src\\entry\\index.js": {"path":"F:\\front\\data-model-service\\src\\entry\\index.js","statementMap":{},"fnMap":{},"branchMap":{},"s":{},"f":{},"b":{},"_coverageSchema":"43e27e138ebf9cfc5966b082cf9a028302ed4184","hash":"b96f2f7bc40a9143e3d7ef479a5b8070df7ae9c7"}
,"F:\\front\\data-model-service\\src\\lib\\index.js": {"path":"F:\\front\\data-model-service\\src\\lib\\index.js","statementMap":{"0":{"start":{"line":15,"column":11},"end":{"line":15,"column":13}},"1":{"start":{"line":18,"column":4},"end":{"line":18,"column":12}},"2":{"start":{"line":19,"column":4},"end":{"line":19,"column":22}},"3":{"start":{"line":23,"column":19},"end":{"line":23,"column":49}},"4":{"start":{"line":24,"column":4},"end":{"line":26,"column":5}},"5":{"start":{"line":25,"column":6},"end":{"line":25,"column":30}},"6":{"start":{"line":27,"column":4},"end":{"line":27,"column":26}},"7":{"start":{"line":31,"column":4},"end":{"line":31,"column":24}},"8":{"start":{"line":35,"column":4},"end":{"line":35,"column":23}},"9":{"start":{"line":39,"column":4},"end":{"line":42,"column":5}},"10":{"start":{"line":40,"column":6},"end":{"line":40,"column":43}},"11":{"start":{"line":41,"column":6},"end":{"line":41,"column":36}},"12":{"start":{"line":43,"column":4},"end":{"line":45,"column":5}},"13":{"start":{"line":44,"column":6},"end":{"line":44,"column":36}},"14":{"start":{"line":46,"column":4},"end":{"line":48,"column":5}},"15":{"start":{"line":47,"column":6},"end":{"line":47,"column":36}},"16":{"start":{"line":50,"column":4},"end":{"line":50,"column":35}},"17":{"start":{"line":54,"column":4},"end":{"line":57,"column":7}},"18":{"start":{"line":55,"column":16},"end":{"line":55,"column":99}},"19":{"start":{"line":56,"column":6},"end":{"line":56,"column":47}},"20":{"start":{"line":61,"column":4},"end":{"line":66,"column":5}},"21":{"start":{"line":62,"column":6},"end":{"line":65,"column":7}},"22":{"start":{"line":63,"column":29},"end":{"line":63,"column":63}},"23":{"start":{"line":64,"column":8},"end":{"line":64,"column":40}},"24":{"start":{"line":67,"column":4},"end":{"line":67,"column":16}},"25":{"start":{"line":71,"column":4},"end":{"line":73,"column":5}},"26":{"start":{"line":72,"column":6},"end":{"line":72,"column":18}},"27":{"start":{"line":74,"column":4},"end":{"line":76,"column":5}},"28":{"start":{"line":75,"column":6},"end":{"line":75,"column":18}},"29":{"start":{"line":77,"column":4},"end":{"line":79,"column":7}},"30":{"start":{"line":78,"column":6},"end":{"line":78,"column":37}},"31":{"start":{"line":88,"column":4},"end":{"line":90,"column":5}},"32":{"start":{"line":89,"column":6},"end":{"line":89,"column":26}},"33":{"start":{"line":92,"column":4},"end":{"line":94,"column":5}},"34":{"start":{"line":93,"column":6},"end":{"line":93,"column":16}},"35":{"start":{"line":96,"column":4},"end":{"line":96,"column":22}},"36":{"start":{"line":100,"column":20},"end":{"line":100,"column":30}},"37":{"start":{"line":101,"column":4},"end":{"line":103,"column":5}},"38":{"start":{"line":102,"column":6},"end":{"line":102,"column":17}},"39":{"start":{"line":105,"column":4},"end":{"line":107,"column":5}},"40":{"start":{"line":106,"column":6},"end":{"line":106,"column":25}},"41":{"start":{"line":109,"column":4},"end":{"line":111,"column":5}},"42":{"start":{"line":110,"column":6},"end":{"line":110,"column":22}},"43":{"start":{"line":113,"column":4},"end":{"line":115,"column":5}},"44":{"start":{"line":114,"column":6},"end":{"line":114,"column":19}},"45":{"start":{"line":116,"column":4},"end":{"line":116,"column":15}},"46":{"start":{"line":120,"column":4},"end":{"line":123,"column":7}},"47":{"start":{"line":121,"column":16},"end":{"line":121,"column":45}},"48":{"start":{"line":122,"column":6},"end":{"line":122,"column":17}},"49":{"start":{"line":127,"column":27},"end":{"line":127,"column":47}},"50":{"start":{"line":130,"column":2},"end":{"line":130,"column":30}}},"fnMap":{"0":{"name":"(anonymous_0)","decl":{"start":{"line":17,"column":2},"end":{"line":17,"column":3}},"loc":{"start":{"line":17,"column":21},"end":{"line":20,"column":3}},"line":17},"1":{"name":"(anonymous_1)","decl":{"start":{"line":34,"column":2},"end":{"line":34,"column":3}},"loc":{"start":{"line":34,"column":13},"end":{"line":36,"column":3}},"line":34},"2":{"name":"(anonymous_2)","decl":{"start":{"line":38,"column":2},"end":{"line":38,"column":3}},"loc":{"start":{"line":38,"column":19},"end":{"line":51,"column":3}},"line":38},"3":{"name":"(anonymous_3)","decl":{"start":{"line":54,"column":34},"end":{"line":54,"column":35}},"loc":{"start":{"line":54,"column":46},"end":{"line":57,"column":5}},"line":54},"4":{"name":"(anonymous_4)","decl":{"start":{"line":77,"column":20},"end":{"line":77,"column":21}},"loc":{"start":{"line":77,"column":30},"end":{"line":79,"column":5}},"line":77},"5":{"name":"(anonymous_5)","decl":{"start":{"line":120,"column":34},"end":{"line":120,"column":35}},"loc":{"start":{"line":120,"column":44},"end":{"line":123,"column":5}},"line":120},"6":{"name":"createDataModel","decl":{"start":{"line":129,"column":16},"end":{"line":129,"column":31}},"loc":{"start":{"line":129,"column":44},"end":{"line":131,"column":1}},"line":129}},"branchMap":{"0":{"loc":{"start":{"line":24,"column":4},"end":{"line":26,"column":5}},"type":"if","locations":[{"start":{"line":24,"column":4},"end":{"line":26,"column":5}},{"start":{"line":24,"column":4},"end":{"line":26,"column":5}}],"line":24},"1":{"loc":{"start":{"line":38,"column":8},"end":{"line":38,"column":17}},"type":"default-arg","locations":[{"start":{"line":38,"column":15},"end":{"line":38,"column":17}}],"line":38},"2":{"loc":{"start":{"line":39,"column":4},"end":{"line":42,"column":5}},"type":"if","locations":[{"start":{"line":39,"column":4},"end":{"line":42,"column":5}},{"start":{"line":39,"column":4},"end":{"line":42,"column":5}}],"line":39},"3":{"loc":{"start":{"line":43,"column":4},"end":{"line":45,"column":5}},"type":"if","locations":[{"start":{"line":43,"column":4},"end":{"line":45,"column":5}},{"start":{"line":43,"column":4},"end":{"line":45,"column":5}}],"line":43},"4":{"loc":{"start":{"line":43,"column":8},"end":{"line":43,"column":39}},"type":"binary-expr","locations":[{"start":{"line":43,"column":8},"end":{"line":43,"column":21}},{"start":{"line":43,"column":25},"end":{"line":43,"column":39}}],"line":43},"5":{"loc":{"start":{"line":46,"column":4},"end":{"line":48,"column":5}},"type":"if","locations":[{"start":{"line":46,"column":4},"end":{"line":48,"column":5}},{"start":{"line":46,"column":4},"end":{"line":48,"column":5}}],"line":46},"6":{"loc":{"start":{"line":61,"column":4},"end":{"line":66,"column":5}},"type":"if","locations":[{"start":{"line":61,"column":4},"end":{"line":66,"column":5}},{"start":{"line":61,"column":4},"end":{"line":66,"column":5}}],"line":61},"7":{"loc":{"start":{"line":61,"column":8},"end":{"line":61,"column":59}},"type":"binary-expr","locations":[{"start":{"line":61,"column":8},"end":{"line":61,"column":32}},{"start":{"line":61,"column":36},"end":{"line":61,"column":59}}],"line":61},"8":{"loc":{"start":{"line":62,"column":6},"end":{"line":65,"column":7}},"type":"if","locations":[{"start":{"line":62,"column":6},"end":{"line":65,"column":7}},{"start":{"line":62,"column":6},"end":{"line":65,"column":7}}],"line":62},"9":{"loc":{"start":{"line":71,"column":4},"end":{"line":73,"column":5}},"type":"if","locations":[{"start":{"line":71,"column":4},"end":{"line":73,"column":5}},{"start":{"line":71,"column":4},"end":{"line":73,"column":5}}],"line":71},"10":{"loc":{"start":{"line":74,"column":4},"end":{"line":76,"column":5}},"type":"if","locations":[{"start":{"line":74,"column":4},"end":{"line":76,"column":5}},{"start":{"line":74,"column":4},"end":{"line":76,"column":5}}],"line":74},"11":{"loc":{"start":{"line":88,"column":4},"end":{"line":90,"column":5}},"type":"if","locations":[{"start":{"line":88,"column":4},"end":{"line":90,"column":5}},{"start":{"line":88,"column":4},"end":{"line":90,"column":5}}],"line":88},"12":{"loc":{"start":{"line":92,"column":4},"end":{"line":94,"column":5}},"type":"if","locations":[{"start":{"line":92,"column":4},"end":{"line":94,"column":5}},{"start":{"line":92,"column":4},"end":{"line":94,"column":5}}],"line":92},"13":{"loc":{"start":{"line":92,"column":8},"end":{"line":92,"column":64}},"type":"binary-expr","locations":[{"start":{"line":92,"column":8},"end":{"line":92,"column":41}},{"start":{"line":92,"column":45},"end":{"line":92,"column":64}}],"line":92},"14":{"loc":{"start":{"line":101,"column":4},"end":{"line":103,"column":5}},"type":"if","locations":[{"start":{"line":101,"column":4},"end":{"line":103,"column":5}},{"start":{"line":101,"column":4},"end":{"line":103,"column":5}}],"line":101},"15":{"loc":{"start":{"line":105,"column":4},"end":{"line":107,"column":5}},"type":"if","locations":[{"start":{"line":105,"column":4},"end":{"line":107,"column":5}},{"start":{"line":105,"column":4},"end":{"line":107,"column":5}}],"line":105},"16":{"loc":{"start":{"line":109,"column":4},"end":{"line":111,"column":5}},"type":"if","locations":[{"start":{"line":109,"column":4},"end":{"line":111,"column":5}},{"start":{"line":109,"column":4},"end":{"line":111,"column":5}}],"line":109},"17":{"loc":{"start":{"line":113,"column":4},"end":{"line":115,"column":5}},"type":"if","locations":[{"start":{"line":113,"column":4},"end":{"line":115,"column":5}},{"start":{"line":113,"column":4},"end":{"line":115,"column":5}}],"line":113},"18":{"loc":{"start":{"line":129,"column":32},"end":{"line":129,"column":42}},"type":"default-arg","locations":[{"start":{"line":129,"column":40},"end":{"line":129,"column":42}}],"line":129}},"s":{"0":17,"1":17,"2":17,"3":17,"4":17,"5":1,"6":16,"7":16,"8":1,"9":19,"10":1,"11":1,"12":18,"13":1,"14":17,"15":3,"16":14,"17":15,"18":28,"19":28,"20":28,"21":2,"22":2,"23":2,"24":26,"25":3,"26":1,"27":2,"28":1,"29":1,"30":1,"31":32,"32":2,"33":30,"34":29,"35":1,"36":28,"37":28,"38":19,"39":9,"40":1,"41":8,"42":7,"43":1,"44":1,"45":0,"46":2,"47":4,"48":4,"49":1,"50":3},"f":{"0":17,"1":1,"2":19,"3":28,"4":1,"5":4,"6":3},"b":{"0":[1,16],"1":[0],"2":[1,18],"3":[1,17],"4":[18,2],"5":[3,14],"6":[2,26],"7":[28,26],"8":[2,0],"9":[1,2],"10":[1,1],"11":[2,30],"12":[29,1],"13":[30,3],"14":[19,9],"15":[1,8],"16":[7,1],"17":[1,0],"18":[0]},"_coverageSchema":"43e27e138ebf9cfc5966b082cf9a028302ed4184","hash":"03783807eef77baab864ad7aa89e9cc30afb575c"}
,"F:\\front\\data-model-service\\src\\lib\\interface.js": {"path":"F:\\front\\data-model-service\\src\\lib\\interface.js","statementMap":{"0":{"start":{"line":11,"column":4},"end":{"line":11,"column":14}},"1":{"start":{"line":18,"column":15},"end":{"line":18,"column":17}},"2":{"start":{"line":27,"column":4},"end":{"line":27,"column":14}},"3":{"start":{"line":35,"column":4},"end":{"line":35,"column":14}}},"fnMap":{"0":{"name":"(anonymous_0)","decl":{"start":{"line":10,"column":2},"end":{"line":10,"column":3}},"loc":{"start":{"line":10,"column":13},"end":{"line":12,"column":3}},"line":10},"1":{"name":"(anonymous_1)","decl":{"start":{"line":26,"column":2},"end":{"line":26,"column":3}},"loc":{"start":{"line":26,"column":30},"end":{"line":28,"column":3}},"line":26},"2":{"name":"(anonymous_2)","decl":{"start":{"line":34,"column":2},"end":{"line":34,"column":3}},"loc":{"start":{"line":34,"column":13},"end":{"line":36,"column":3}},"line":34}},"branchMap":{"0":{"loc":{"start":{"line":26,"column":8},"end":{"line":26,"column":17}},"type":"default-arg","locations":[{"start":{"line":26,"column":15},"end":{"line":26,"column":17}}],"line":26},"1":{"loc":{"start":{"line":26,"column":19},"end":{"line":26,"column":28}},"type":"default-arg","locations":[{"start":{"line":26,"column":26},"end":{"line":26,"column":28}}],"line":26}},"s":{"0":1,"1":18,"2":1,"3":1},"f":{"0":1,"1":1,"2":1},"b":{"0":[1],"1":[1]},"_coverageSchema":"43e27e138ebf9cfc5966b082cf9a028302ed4184","hash":"6fb2e5adfd4d3e544afcef9a157bb14275573dff"}
,"F:\\front\\data-model-service\\src\\lib\\types\\modelConf.js": {"path":"F:\\front\\data-model-service\\src\\lib\\types\\modelConf.js","statementMap":{"0":{"start":{"line":49,"column":24},"end":{"line":49,"column":93}}},"fnMap":{},"branchMap":{},"s":{"0":5},"f":{},"b":{},"_coverageSchema":"43e27e138ebf9cfc5966b082cf9a028302ed4184","hash":"503026b619b0fff2dab716617d57d2de1c8230e4"}
,"F:\\front\\data-model-service\\src\\lib\\types\\modelSchema.js": {"path":"F:\\front\\data-model-service\\src\\lib\\types\\modelSchema.js","statementMap":{},"fnMap":{},"branchMap":{},"s":{},"f":{},"b":{},"_coverageSchema":"43e27e138ebf9cfc5966b082cf9a028302ed4184","hash":"2d9dfcd78c45b0f7e054f08ff6781324a9e7f862"}
,"F:\\front\\data-model-service\\src\\lib\\types\\options.js": {"path":"F:\\front\\data-model-service\\src\\lib\\types\\options.js","statementMap":{},"fnMap":{"0":{"name":"(anonymous_0)","decl":{"start":{"line":6,"column":9},"end":{"line":6,"column":10}},"loc":{"start":{"line":6,"column":25},"end":{"line":6,"column":27}},"line":6}},"branchMap":{},"s":{},"f":{"0":0},"b":{},"_coverageSchema":"43e27e138ebf9cfc5966b082cf9a028302ed4184","hash":"5088a724a720b2e609c3ce11f8cf58af9d772b26"}
,"F:\\front\\data-model-service\\src\\lib\\utils\\checkModel.js": {"path":"F:\\front\\data-model-service\\src\\lib\\utils\\checkModel.js","statementMap":{"0":{"start":{"line":5,"column":2},"end":{"line":19,"column":3}},"1":{"start":{"line":6,"column":4},"end":{"line":18,"column":6}},"2":{"start":{"line":21,"column":14},"end":{"line":21,"column":18}},"3":{"start":{"line":23,"column":2},"end":{"line":30,"column":5}},"4":{"start":{"line":24,"column":19},"end":{"line":24,"column":47}},"5":{"start":{"line":25,"column":4},"end":{"line":28,"column":5}},"6":{"start":{"line":26,"column":6},"end":{"line":26,"column":21}},"7":{"start":{"line":27,"column":6},"end":{"line":27,"column":18}},"8":{"start":{"line":29,"column":4},"end":{"line":29,"column":17}},"9":{"start":{"line":32,"column":2},"end":{"line":34,"column":3}},"10":{"start":{"line":33,"column":4},"end":{"line":33,"column":17}},"11":{"start":{"line":35,"column":2},"end":{"line":47,"column":4}}},"fnMap":{"0":{"name":"(anonymous_0)","decl":{"start":{"line":4,"column":15},"end":{"line":4,"column":16}},"loc":{"start":{"line":4,"column":38},"end":{"line":48,"column":1}},"line":4},"1":{"name":"(anonymous_1)","decl":{"start":{"line":23,"column":25},"end":{"line":23,"column":26}},"loc":{"start":{"line":23,"column":34},"end":{"line":30,"column":3}},"line":23}},"branchMap":{"0":{"loc":{"start":{"line":5,"column":2},"end":{"line":19,"column":3}},"type":"if","locations":[{"start":{"line":5,"column":2},"end":{"line":19,"column":3}},{"start":{"line":5,"column":2},"end":{"line":19,"column":3}}],"line":5},"1":{"loc":{"start":{"line":25,"column":4},"end":{"line":28,"column":5}},"type":"if","locations":[{"start":{"line":25,"column":4},"end":{"line":28,"column":5}},{"start":{"line":25,"column":4},"end":{"line":28,"column":5}}],"line":25},"2":{"loc":{"start":{"line":32,"column":2},"end":{"line":34,"column":3}},"type":"if","locations":[{"start":{"line":32,"column":2},"end":{"line":34,"column":3}},{"start":{"line":32,"column":2},"end":{"line":34,"column":3}}],"line":32}},"s":{"0":20,"1":2,"2":18,"3":18,"4":33,"5":33,"6":1,"7":1,"8":32,"9":18,"10":1,"11":17},"f":{"0":20,"1":33},"b":{"0":[2,18],"1":[1,32],"2":[1,17]},"_coverageSchema":"43e27e138ebf9cfc5966b082cf9a028302ed4184","hash":"5c06dd7f88d94865c6bc72cbe21e815236232c73"}
,"F:\\front\\data-model-service\\src\\lib\\utils\\from-entries.js": {"path":"F:\\front\\data-model-service\\src\\lib\\utils\\from-entries.js","statementMap":{"0":{"start":{"line":4,"column":2},"end":{"line":6,"column":3}},"1":{"start":{"line":5,"column":4},"end":{"line":5,"column":42}},"2":{"start":{"line":7,"column":2},"end":{"line":7,"column":99}},"3":{"start":{"line":7,"column":59},"end":{"line":7,"column":93}}},"fnMap":{"0":{"name":"fromEntries","decl":{"start":{"line":3,"column":24},"end":{"line":3,"column":35}},"loc":{"start":{"line":3,"column":46},"end":{"line":8,"column":1}},"line":3},"1":{"name":"(anonymous_1)","decl":{"start":{"line":7,"column":30},"end":{"line":7,"column":31}},"loc":{"start":{"line":7,"column":59},"end":{"line":7,"column":93}},"line":7}},"branchMap":{"0":{"loc":{"start":{"line":4,"column":2},"end":{"line":6,"column":3}},"type":"if","locations":[{"start":{"line":4,"column":2},"end":{"line":6,"column":3}},{"start":{"line":4,"column":2},"end":{"line":6,"column":3}}],"line":4}},"s":{"0":4,"1":1,"2":3,"3":2},"f":{"0":4,"1":2},"b":{"0":[1,3]},"_coverageSchema":"43e27e138ebf9cfc5966b082cf9a028302ed4184","hash":"2639954d063cfec29715e1b045d7f3605fdcdccf"}
,"F:\\front\\data-model-service\\src\\lib\\utils\\vaild-data.js": {"path":"F:\\front\\data-model-service\\src\\lib\\utils\\vaild-data.js","statementMap":{"0":{"start":{"line":10,"column":2},"end":{"line":22,"column":4}},"1":{"start":{"line":26,"column":17},"end":{"line":26,"column":19}},"2":{"start":{"line":27,"column":15},"end":{"line":27,"column":17}},"3":{"start":{"line":28,"column":2},"end":{"line":92,"column":5}},"4":{"start":{"line":29,"column":22},"end":{"line":29,"column":35}},"5":{"start":{"line":30,"column":4},"end":{"line":39,"column":5}},"6":{"start":{"line":31,"column":6},"end":{"line":37,"column":10}},"7":{"start":{"line":38,"column":6},"end":{"line":38,"column":19}},"8":{"start":{"line":40,"column":4},"end":{"line":49,"column":5}},"9":{"start":{"line":41,"column":6},"end":{"line":47,"column":10}},"10":{"start":{"line":48,"column":6},"end":{"line":48,"column":18}},"11":{"start":{"line":50,"column":4},"end":{"line":59,"column":5}},"12":{"start":{"line":51,"column":6},"end":{"line":57,"column":10}},"13":{"start":{"line":58,"column":6},"end":{"line":58,"column":18}},"14":{"start":{"line":61,"column":22},"end":{"line":61,"column":32}},"15":{"start":{"line":62,"column":4},"end":{"line":82,"column":5}},"16":{"start":{"line":63,"column":6},"end":{"line":72,"column":7}},"17":{"start":{"line":64,"column":8},"end":{"line":70,"column":12}},"18":{"start":{"line":71,"column":8},"end":{"line":71,"column":21}},"19":{"start":{"line":73,"column":6},"end":{"line":80,"column":10}},"20":{"start":{"line":81,"column":6},"end":{"line":81,"column":18}},"21":{"start":{"line":84,"column":4},"end":{"line":90,"column":8}},"22":{"start":{"line":91,"column":4},"end":{"line":91,"column":17}},"23":{"start":{"line":94,"column":2},"end":{"line":94,"column":30}},"24":{"start":{"line":99,"column":2},"end":{"line":104,"column":3}},"25":{"start":{"line":100,"column":4},"end":{"line":103,"column":7}},"26":{"start":{"line":106,"column":2},"end":{"line":111,"column":3}},"27":{"start":{"line":107,"column":4},"end":{"line":110,"column":7}},"28":{"start":{"line":113,"column":2},"end":{"line":118,"column":3}},"29":{"start":{"line":114,"column":4},"end":{"line":117,"column":7}},"30":{"start":{"line":120,"column":2},"end":{"line":125,"column":3}},"31":{"start":{"line":121,"column":4},"end":{"line":124,"column":7}},"32":{"start":{"line":127,"column":2},"end":{"line":132,"column":3}},"33":{"start":{"line":128,"column":4},"end":{"line":131,"column":7}},"34":{"start":{"line":134,"column":21},"end":{"line":134,"column":42}},"35":{"start":{"line":136,"column":2},"end":{"line":138,"column":3}},"36":{"start":{"line":137,"column":4},"end":{"line":137,"column":26}},"37":{"start":{"line":139,"column":2},"end":{"line":151,"column":4}}},"fnMap":{"0":{"name":"error","decl":{"start":{"line":7,"column":9},"end":{"line":7,"column":14}},"loc":{"start":{"line":9,"column":8},"end":{"line":23,"column":1}},"line":9},"1":{"name":"checkFn","decl":{"start":{"line":25,"column":9},"end":{"line":25,"column":16}},"loc":{"start":{"line":25,"column":31},"end":{"line":95,"column":1}},"line":25},"2":{"name":"(anonymous_2)","decl":{"start":{"line":28,"column":30},"end":{"line":28,"column":31}},"loc":{"start":{"line":28,"column":57},"end":{"line":92,"column":3}},"line":28},"3":{"name":"vaildData","decl":{"start":{"line":97,"column":9},"end":{"line":97,"column":18}},"loc":{"start":{"line":97,"column":33},"end":{"line":152,"column":1}},"line":97}},"branchMap":{"0":{"loc":{"start":{"line":7,"column":15},"end":{"line":9,"column":6}},"type":"default-arg","locations":[{"start":{"line":9,"column":4},"end":{"line":9,"column":6}}],"line":7},"1":{"loc":{"start":{"line":8,"column":2},"end":{"line":8,"column":16}},"type":"default-arg","locations":[{"start":{"line":8,"column":11},"end":{"line":8,"column":16}}],"line":8},"2":{"loc":{"start":{"line":8,"column":18},"end":{"line":8,"column":26}},"type":"default-arg","locations":[{"start":{"line":8,"column":24},"end":{"line":8,"column":26}}],"line":8},"3":{"loc":{"start":{"line":8,"column":28},"end":{"line":8,"column":36}},"type":"default-arg","locations":[{"start":{"line":8,"column":34},"end":{"line":8,"column":36}}],"line":8},"4":{"loc":{"start":{"line":8,"column":38},"end":{"line":8,"column":55}},"type":"default-arg","locations":[{"start":{"line":8,"column":53},"end":{"line":8,"column":55}}],"line":8},"5":{"loc":{"start":{"line":8,"column":57},"end":{"line":8,"column":69}},"type":"default-arg","locations":[{"start":{"line":8,"column":67},"end":{"line":8,"column":69}}],"line":8},"6":{"loc":{"start":{"line":8,"column":71},"end":{"line":8,"column":81}},"type":"default-arg","locations":[{"start":{"line":8,"column":79},"end":{"line":8,"column":81}}],"line":8},"7":{"loc":{"start":{"line":15,"column":13},"end":{"line":15,"column":22}},"type":"binary-expr","locations":[{"start":{"line":15,"column":13},"end":{"line":15,"column":16}},{"start":{"line":15,"column":20},"end":{"line":15,"column":22}}],"line":15},"8":{"loc":{"start":{"line":30,"column":4},"end":{"line":39,"column":5}},"type":"if","locations":[{"start":{"line":30,"column":4},"end":{"line":39,"column":5}},{"start":{"line":30,"column":4},"end":{"line":39,"column":5}}],"line":30},"9":{"loc":{"start":{"line":30,"column":8},"end":{"line":30,"column":73}},"type":"binary-expr","locations":[{"start":{"line":30,"column":8},"end":{"line":30,"column":49}},{"start":{"line":30,"column":53},"end":{"line":30,"column":73}}],"line":30},"10":{"loc":{"start":{"line":40,"column":4},"end":{"line":49,"column":5}},"type":"if","locations":[{"start":{"line":40,"column":4},"end":{"line":49,"column":5}},{"start":{"line":40,"column":4},"end":{"line":49,"column":5}}],"line":40},"11":{"loc":{"start":{"line":50,"column":4},"end":{"line":59,"column":5}},"type":"if","locations":[{"start":{"line":50,"column":4},"end":{"line":59,"column":5}},{"start":{"line":50,"column":4},"end":{"line":59,"column":5}}],"line":50},"12":{"loc":{"start":{"line":62,"column":4},"end":{"line":82,"column":5}},"type":"if","locations":[{"start":{"line":62,"column":4},"end":{"line":82,"column":5}},{"start":{"line":62,"column":4},"end":{"line":82,"column":5}}],"line":62},"13":{"loc":{"start":{"line":62,"column":8},"end":{"line":62,"column":42}},"type":"binary-expr","locations":[{"start":{"line":62,"column":8},"end":{"line":62,"column":22}},{"start":{"line":62,"column":26},"end":{"line":62,"column":42}}],"line":62},"14":{"loc":{"start":{"line":63,"column":6},"end":{"line":72,"column":7}},"type":"if","locations":[{"start":{"line":63,"column":6},"end":{"line":72,"column":7}},{"start":{"line":63,"column":6},"end":{"line":72,"column":7}}],"line":63},"15":{"loc":{"start":{"line":99,"column":2},"end":{"line":104,"column":3}},"type":"if","locations":[{"start":{"line":99,"column":2},"end":{"line":104,"column":3}},{"start":{"line":99,"column":2},"end":{"line":104,"column":3}}],"line":99},"16":{"loc":{"start":{"line":99,"column":6},"end":{"line":99,"column":22}},"type":"binary-expr","locations":[{"start":{"line":99,"column":6},"end":{"line":99,"column":11}},{"start":{"line":99,"column":15},"end":{"line":99,"column":22}}],"line":99},"17":{"loc":{"start":{"line":106,"column":2},"end":{"line":111,"column":3}},"type":"if","locations":[{"start":{"line":106,"column":2},"end":{"line":111,"column":3}},{"start":{"line":106,"column":2},"end":{"line":111,"column":3}}],"line":106},"18":{"loc":{"start":{"line":113,"column":2},"end":{"line":118,"column":3}},"type":"if","locations":[{"start":{"line":113,"column":2},"end":{"line":118,"column":3}},{"start":{"line":113,"column":2},"end":{"line":118,"column":3}}],"line":113},"19":{"loc":{"start":{"line":113,"column":6},"end":{"line":113,"column":42}},"type":"binary-expr","locations":[{"start":{"line":113,"column":6},"end":{"line":113,"column":23}},{"start":{"line":113,"column":27},"end":{"line":113,"column":42}}],"line":113},"20":{"loc":{"start":{"line":120,"column":2},"end":{"line":125,"column":3}},"type":"if","locations":[{"start":{"line":120,"column":2},"end":{"line":125,"column":3}},{"start":{"line":120,"column":2},"end":{"line":125,"column":3}}],"line":120},"21":{"loc":{"start":{"line":127,"column":2},"end":{"line":132,"column":3}},"type":"if","locations":[{"start":{"line":127,"column":2},"end":{"line":132,"column":3}},{"start":{"line":127,"column":2},"end":{"line":132,"column":3}}],"line":127},"22":{"loc":{"start":{"line":136,"column":2},"end":{"line":138,"column":3}},"type":"if","locations":[{"start":{"line":136,"column":2},"end":{"line":138,"column":3}},{"start":{"line":136,"column":2},"end":{"line":138,"column":3}}],"line":136}},"s":{"0":206,"1":37,"2":37,"3":37,"4":199,"5":199,"6":129,"7":129,"8":70,"9":2,"10":2,"11":68,"12":1,"13":1,"14":67,"15":67,"16":35,"17":34,"18":34,"19":1,"20":1,"21":32,"22":32,"23":37,"24":44,"25":2,"26":42,"27":1,"28":41,"29":2,"30":39,"31":1,"32":38,"33":1,"34":37,"35":37,"36":4,"37":33},"f":{"0":206,"1":37,"2":199,"3":44},"b":{"0":[0],"1":[0],"2":[0],"3":[96],"4":[7],"5":[7],"6":[205],"7":[206,98],"8":[129,70],"9":[199,195],"10":[2,68],"11":[1,67],"12":[35,32],"13":[67,35],"14":[34,1],"15":[2,42],"16":[44,43],"17":[1,41],"18":[2,39],"19":[41,40],"20":[1,38],"21":[1,37],"22":[4,33]},"_coverageSchema":"43e27e138ebf9cfc5966b082cf9a028302ed4184","hash":"2f86945c11e477b5d237bc52726772d49999dc9d"}
}
