TN:
SF:F:\front\data-model-service\src\entry\index.js
FNF:0
FNH:0
LF:0
LH:0
BRF:0
BRH:0
end_of_record
TN:
SF:F:\front\data-model-service\src\lib\index.js
FN:17,(anonymous_0)
FN:34,(anonymous_1)
FN:38,(anonymous_2)
FN:54,(anonymous_3)
FN:67,(anonymous_4)
FN:110,(anonymous_5)
FN:119,createDataModel
FNF:7
FNH:7
FNDA:12,(anonymous_0)
FNDA:1,(anonymous_1)
FNDA:14,(anonymous_2)
FNDA:20,(anonymous_3)
FNDA:1,(anonymous_4)
FNDA:4,(anonymous_5)
FNDA:1,createDataModel
DA:15,12
DA:18,12
DA:19,12
DA:23,12
DA:24,12
DA:25,1
DA:27,11
DA:31,11
DA:35,1
DA:39,14
DA:40,1
DA:41,1
DA:43,13
DA:44,1
DA:46,12
DA:47,3
DA:50,9
DA:54,10
DA:55,20
DA:56,20
DA:61,3
DA:62,1
DA:64,2
DA:65,1
DA:67,1
DA:68,1
DA:78,24
DA:79,1
DA:82,23
DA:83,22
DA:86,1
DA:90,20
DA:91,20
DA:92,13
DA:95,7
DA:96,1
DA:99,6
DA:100,5
DA:103,1
DA:104,1
DA:106,0
DA:110,2
DA:111,4
DA:112,4
DA:117,1
DA:120,1
LF:46
LH:45
BRDA:24,0,0,1
BRDA:24,0,1,11
BRDA:38,1,0,0
BRDA:39,2,0,1
BRDA:39,2,1,13
BRDA:43,3,0,1
BRDA:43,3,1,12
BRDA:43,4,0,13
BRDA:43,4,1,2
BRDA:46,5,0,3
BRDA:46,5,1,9
BRDA:61,6,0,1
BRDA:61,6,1,2
BRDA:64,7,0,1
BRDA:64,7,1,1
BRDA:78,8,0,1
BRDA:78,8,1,23
BRDA:82,9,0,22
BRDA:82,9,1,1
BRDA:82,10,0,23
BRDA:82,10,1,2
BRDA:91,11,0,13
BRDA:91,11,1,7
BRDA:95,12,0,1
BRDA:95,12,1,6
BRDA:99,13,0,5
BRDA:99,13,1,1
BRDA:103,14,0,1
BRDA:103,14,1,0
BRDA:119,15,0,0
BRF:30
BRH:27
end_of_record
TN:
SF:F:\front\data-model-service\src\lib\interface.js
FN:10,(anonymous_0)
FN:26,(anonymous_1)
FN:34,(anonymous_2)
FNF:3
FNH:3
FNDA:1,(anonymous_0)
FNDA:1,(anonymous_1)
FNDA:1,(anonymous_2)
DA:11,1
DA:18,13
DA:27,1
DA:35,1
LF:4
LH:4
BRDA:26,0,0,1
BRDA:26,1,0,1
BRF:2
BRH:2
end_of_record
TN:
SF:F:\front\data-model-service\src\lib\types\modelConf.js
FNF:0
FNH:0
DA:49,5
LF:1
LH:1
BRF:0
BRH:0
end_of_record
TN:
SF:F:\front\data-model-service\src\lib\types\modelSchema.js
FNF:0
FNH:0
LF:0
LH:0
BRF:0
BRH:0
end_of_record
TN:
SF:F:\front\data-model-service\src\lib\types\options.js
FN:6,(anonymous_0)
FNF:1
FNH:0
FNDA:0,(anonymous_0)
LF:0
LH:0
BRF:0
BRH:0
end_of_record
TN:
SF:F:\front\data-model-service\src\lib\utils\checkModel.js
FN:4,(anonymous_0)
FN:23,(anonymous_1)
FNF:2
FNH:2
FNDA:15,(anonymous_0)
FNDA:25,(anonymous_1)
DA:5,15
DA:6,2
DA:21,13
DA:23,13
DA:24,25
DA:25,25
DA:26,1
DA:27,1
DA:29,24
DA:32,13
DA:33,1
DA:35,12
LF:12
LH:12
BRDA:5,0,0,2
BRDA:5,0,1,13
BRDA:25,1,0,1
BRDA:25,1,1,24
BRDA:32,2,0,1
BRDA:32,2,1,12
BRF:6
BRH:6
end_of_record
TN:
SF:F:\front\data-model-service\src\lib\utils\from-entries.js
FN:3,fromEntries
FN:7,(anonymous_1)
FNF:2
FNH:2
FNDA:4,fromEntries
FNDA:2,(anonymous_1)
DA:4,4
DA:5,1
DA:7,3
LF:3
LH:3
BRDA:4,0,0,1
BRDA:4,0,1,3
BRF:2
BRH:2
end_of_record
TN:
SF:F:\front\data-model-service\src\lib\utils\vaild-data.js
FN:7,error
FN:23,checkFn
FN:26,(anonymous_2)
FN:95,vaildData
FNF:4
FNH:4
FNDA:158,error
FNDA:29,checkFn
FNDA:151,(anonymous_2)
FNDA:36,vaildData
DA:8,158
DA:24,29
DA:25,29
DA:26,29
DA:27,151
DA:28,151
DA:29,97
DA:36,97
DA:38,54
DA:39,2
DA:46,2
DA:48,52
DA:49,1
DA:56,1
DA:59,51
DA:60,51
DA:61,27
DA:62,26
DA:69,26
DA:71,1
DA:79,1
DA:83,24
DA:92,29
DA:97,36
DA:98,2
DA:104,34
DA:105,1
DA:111,33
DA:112,2
DA:118,31
DA:119,1
DA:125,30
DA:126,1
DA:132,29
DA:134,29
DA:135,4
DA:137,25
LF:37
LH:37
BRDA:7,0,0,0
BRDA:7,1,0,0
BRDA:7,2,0,0
BRDA:7,3,0,76
BRDA:7,4,0,7
BRDA:7,5,0,7
BRDA:7,6,0,157
BRDA:13,7,0,158
BRDA:13,7,1,77
BRDA:28,8,0,97
BRDA:28,8,1,54
BRDA:28,9,0,151
BRDA:28,9,1,147
BRDA:38,10,0,2
BRDA:38,10,1,52
BRDA:48,11,0,1
BRDA:48,11,1,51
BRDA:60,12,0,27
BRDA:60,12,1,24
BRDA:60,13,0,51
BRDA:60,13,1,27
BRDA:61,14,0,26
BRDA:61,14,1,1
BRDA:97,15,0,2
BRDA:97,15,1,34
BRDA:97,16,0,36
BRDA:97,16,1,35
BRDA:104,17,0,1
BRDA:104,17,1,33
BRDA:111,18,0,2
BRDA:111,18,1,31
BRDA:111,19,0,33
BRDA:111,19,1,32
BRDA:118,20,0,1
BRDA:118,20,1,30
BRDA:125,21,0,1
BRDA:125,21,1,29
BRDA:134,22,0,4
BRDA:134,22,1,25
BRF:39
BRH:36
end_of_record
