TN:
SF:F:\front\data-model-service\src\entry\index.js
FNF:0
FNH:0
LF:0
LH:0
BRF:0
BRH:0
end_of_record
TN:
SF:F:\front\data-model-service\src\lib\index.js
FN:17,(anonymous_0)
FN:34,(anonymous_1)
FN:38,(anonymous_2)
FN:54,(anonymous_3)
FN:77,(anonymous_4)
FN:120,(anonymous_5)
FN:129,createDataModel
FNF:7
FNH:7
FNDA:17,(anonymous_0)
FNDA:1,(anonymous_1)
FNDA:19,(anonymous_2)
FNDA:28,(anonymous_3)
FNDA:1,(anonymous_4)
FNDA:4,(anonymous_5)
FNDA:3,createDataModel
DA:15,17
DA:18,17
DA:19,17
DA:23,17
DA:24,17
DA:25,1
DA:27,16
DA:31,16
DA:35,1
DA:39,19
DA:40,1
DA:41,1
DA:43,18
DA:44,1
DA:46,17
DA:47,3
DA:50,14
DA:54,15
DA:55,28
DA:56,28
DA:61,28
DA:62,2
DA:63,2
DA:64,2
DA:67,26
DA:71,3
DA:72,1
DA:74,2
DA:75,1
DA:77,1
DA:78,1
DA:88,32
DA:89,2
DA:92,30
DA:93,29
DA:96,1
DA:100,28
DA:101,28
DA:102,19
DA:105,9
DA:106,1
DA:109,8
DA:110,7
DA:113,1
DA:114,1
DA:116,0
DA:120,2
DA:121,4
DA:122,4
DA:127,1
DA:130,3
LF:51
LH:50
BRDA:24,0,0,1
BRDA:24,0,1,16
BRDA:38,1,0,0
BRDA:39,2,0,1
BRDA:39,2,1,18
BRDA:43,3,0,1
BRDA:43,3,1,17
BRDA:43,4,0,18
BRDA:43,4,1,2
BRDA:46,5,0,3
BRDA:46,5,1,14
BRDA:61,6,0,2
BRDA:61,6,1,26
BRDA:61,7,0,28
BRDA:61,7,1,26
BRDA:62,8,0,2
BRDA:62,8,1,0
BRDA:71,9,0,1
BRDA:71,9,1,2
BRDA:74,10,0,1
BRDA:74,10,1,1
BRDA:88,11,0,2
BRDA:88,11,1,30
BRDA:92,12,0,29
BRDA:92,12,1,1
BRDA:92,13,0,30
BRDA:92,13,1,3
BRDA:101,14,0,19
BRDA:101,14,1,9
BRDA:105,15,0,1
BRDA:105,15,1,8
BRDA:109,16,0,7
BRDA:109,16,1,1
BRDA:113,17,0,1
BRDA:113,17,1,0
BRDA:129,18,0,0
BRF:36
BRH:32
end_of_record
TN:
SF:F:\front\data-model-service\src\lib\interface.js
FN:10,(anonymous_0)
FN:26,(anonymous_1)
FN:34,(anonymous_2)
FNF:3
FNH:3
FNDA:1,(anonymous_0)
FNDA:1,(anonymous_1)
FNDA:1,(anonymous_2)
DA:11,1
DA:18,18
DA:27,1
DA:35,1
LF:4
LH:4
BRDA:26,0,0,1
BRDA:26,1,0,1
BRF:2
BRH:2
end_of_record
TN:
SF:F:\front\data-model-service\src\lib\types\modelConf.js
FNF:0
FNH:0
DA:49,5
LF:1
LH:1
BRF:0
BRH:0
end_of_record
TN:
SF:F:\front\data-model-service\src\lib\types\modelSchema.js
FNF:0
FNH:0
LF:0
LH:0
BRF:0
BRH:0
end_of_record
TN:
SF:F:\front\data-model-service\src\lib\types\options.js
FN:6,(anonymous_0)
FNF:1
FNH:0
FNDA:0,(anonymous_0)
LF:0
LH:0
BRF:0
BRH:0
end_of_record
TN:
SF:F:\front\data-model-service\src\lib\utils\checkModel.js
FN:4,(anonymous_0)
FN:23,(anonymous_1)
FNF:2
FNH:2
FNDA:20,(anonymous_0)
FNDA:33,(anonymous_1)
DA:5,20
DA:6,2
DA:21,18
DA:23,18
DA:24,33
DA:25,33
DA:26,1
DA:27,1
DA:29,32
DA:32,18
DA:33,1
DA:35,17
LF:12
LH:12
BRDA:5,0,0,2
BRDA:5,0,1,18
BRDA:25,1,0,1
BRDA:25,1,1,32
BRDA:32,2,0,1
BRDA:32,2,1,17
BRF:6
BRH:6
end_of_record
TN:
SF:F:\front\data-model-service\src\lib\utils\from-entries.js
FN:3,fromEntries
FN:7,(anonymous_1)
FNF:2
FNH:2
FNDA:4,fromEntries
FNDA:2,(anonymous_1)
DA:4,4
DA:5,1
DA:7,3
LF:3
LH:3
BRDA:4,0,0,1
BRDA:4,0,1,3
BRF:2
BRH:2
end_of_record
TN:
SF:F:\front\data-model-service\src\lib\utils\vaild-data.js
FN:7,error
FN:25,checkFn
FN:28,(anonymous_2)
FN:97,vaildData
FNF:4
FNH:4
FNDA:206,error
FNDA:37,checkFn
FNDA:199,(anonymous_2)
FNDA:44,vaildData
DA:10,206
DA:26,37
DA:27,37
DA:28,37
DA:29,199
DA:30,199
DA:31,129
DA:38,129
DA:40,70
DA:41,2
DA:48,2
DA:50,68
DA:51,1
DA:58,1
DA:61,67
DA:62,67
DA:63,35
DA:64,34
DA:71,34
DA:73,1
DA:81,1
DA:84,32
DA:91,32
DA:94,37
DA:99,44
DA:100,2
DA:106,42
DA:107,1
DA:113,41
DA:114,2
DA:120,39
DA:121,1
DA:127,38
DA:128,1
DA:134,37
DA:136,37
DA:137,4
DA:139,33
LF:38
LH:38
BRDA:7,0,0,0
BRDA:8,1,0,0
BRDA:8,2,0,0
BRDA:8,3,0,96
BRDA:8,4,0,7
BRDA:8,5,0,7
BRDA:8,6,0,205
BRDA:15,7,0,206
BRDA:15,7,1,98
BRDA:30,8,0,129
BRDA:30,8,1,70
BRDA:30,9,0,199
BRDA:30,9,1,195
BRDA:40,10,0,2
BRDA:40,10,1,68
BRDA:50,11,0,1
BRDA:50,11,1,67
BRDA:62,12,0,35
BRDA:62,12,1,32
BRDA:62,13,0,67
BRDA:62,13,1,35
BRDA:63,14,0,34
BRDA:63,14,1,1
BRDA:99,15,0,2
BRDA:99,15,1,42
BRDA:99,16,0,44
BRDA:99,16,1,43
BRDA:106,17,0,1
BRDA:106,17,1,41
BRDA:113,18,0,2
BRDA:113,18,1,39
BRDA:113,19,0,41
BRDA:113,19,1,40
BRDA:120,20,0,1
BRDA:120,20,1,38
BRDA:127,21,0,1
BRDA:127,21,1,37
BRDA:136,22,0,4
BRDA:136,22,1,33
BRF:39
BRH:36
end_of_record
